<?xml version="1.0" encoding="UTF-8"?>
<!-- Generated by org.testng.reporters.JUnitReportReporter -->
<testsuite hostname="APT04-1DKF7G3" failures="0" tests="3" name="inetBankingV1_MorningBranch.dataProvider.axxosExcel" time="75.841" errors="0" timestamp="2024-06-26T21:08:08 IST" skipped="0">
  <testcase classname="inetBankingV1_MorningBranch.dataProvider.axxosExcel" name="login" time="36.329"/>
  <system-out/>
  <testcase classname="inetBankingV1_MorningBranch.dataProvider.axxosExcel" name="login" time="15.652"/>
  <system-out/>
  <testcase classname="inetBankingV1_MorningBranch.dataProvider.axxosExcel" name="login" time="23.860"/>
  <system-out/>
</testsuite> <!-- inetBankingV1_MorningBranch.dataProvider.axxosExcel -->
