<?xml version="1.0" encoding="UTF-8"?>
<!-- Generated by org.testng.reporters.JUnitReportReporter -->
<testsuite hostname="APT04-1DKF7G3" failures="0" tests="3" name="inetBankingV1_MorningBranch.dataProvider.dataProvider" time="0.010" errors="0" timestamp="2024-06-26T17:34:39 IST" skipped="0">
  <testcase classname="inetBankingV1_MorningBranch.dataProvider.dataProvider" name="testCaseData" time="0.001"/>
  <system-out/>
  <testcase classname="inetBankingV1_MorningBranch.dataProvider.dataProvider" name="testCaseData" time="0.008"/>
  <system-out/>
  <testcase classname="inetBankingV1_MorningBranch.dataProvider.dataProvider" name="testCaseData" time="0.001"/>
  <system-out/>
</testsuite> <!-- inetBankingV1_MorningBranch.dataProvider.dataProvider -->
