<?xml version="1.0" encoding="UTF-8"?>
<!-- Generated by org.testng.reporters.JUnitReportReporter -->
<testsuite hostname="APT04-1DKF7G3" failures="0" tests="2" name="inetBankingV1_MorningBranch.dataProvider.excel" time="0.972" errors="0" timestamp="2024-06-26T20:59:53 IST" skipped="0">
  <testcase classname="inetBankingV1_MorningBranch.dataProvider.excel" name="getexcel" time="0.926"/>
  <system-out/>
  <testcase classname="inetBankingV1_MorningBranch.dataProvider.excel" name="logindata" time="0.046"/>
  <system-out/>
</testsuite> <!-- inetBankingV1_MorningBranch.dataProvider.excel -->
